

Started GET "/" for 127.0.0.1 at Tue May 10 18:56:01 +0300 2011
  Processing by HomeController#index as HTML
Rendered home/index.html.erb within layouts/application (1.5ms)
Completed 200 OK in 5ms (Views: 4.8ms | ActiveRecord: 0.0ms)


Started GET "/" for 127.0.0.1 at Tue May 10 18:56:09 +0300 2011
  Processing by HomeController#index as HTML
Rendered home/index.html.erb within layouts/application (1.3ms)
Completed 200 OK in 5ms (Views: 4.9ms | ActiveRecord: 0.0ms)


Started GET "/" for 127.0.0.1 at Tue May 10 18:56:37 +0300 2011
  Processing by HomeController#index as HTML
Rendered home/index.html.erb within layouts/application (1.3ms)
Completed 200 OK in 5ms (Views: 4.4ms | ActiveRecord: 0.0ms)


Started GET "/" for 127.0.0.1 at Tue May 10 18:56:39 +0300 2011
  Processing by HomeController#index as HTML
Rendered home/index.html.erb within layouts/application (1.4ms)
Completed 200 OK in 5ms (Views: 4.7ms | ActiveRecord: 0.0ms)


Started GET "/" for 127.0.0.1 at Tue May 10 18:56:41 +0300 2011
  Processing by HomeController#index as HTML
Rendered home/index.html.erb within layouts/application (1.4ms)
Completed 200 OK in 5ms (Views: 4.7ms | ActiveRecord: 0.0ms)


Started GET "/" for 127.0.0.1 at Tue May 10 18:56:42 +0300 2011
  Processing by HomeController#index as HTML
Rendered home/index.html.erb within layouts/application (1.3ms)
Completed 200 OK in 5ms (Views: 4.5ms | ActiveRecord: 0.0ms)


Started GET "/" for 127.0.0.1 at Tue May 10 18:58:27 +0300 2011
  Processing by HomeController#index as HTML
Rendered home/index.html.erb within layouts/application (1.3ms)
Completed 200 OK in 5ms (Views: 4.4ms | ActiveRecord: 0.0ms)


Started GET "/" for 127.0.0.1 at Wed May 11 14:18:30 +0300 2011

Mysql2::Error (Can't connect to local MySQL server through socket '/tmp/mysql.sock' (2)):
  

Rendered /usr/lib/ruby/gems/1.8/gems/actionpack-3.0.7/lib/action_dispatch/middleware/templates/rescues/_trace.erb (1.0ms)
Rendered /usr/lib/ruby/gems/1.8/gems/actionpack-3.0.7/lib/action_dispatch/middleware/templates/rescues/_request_and_response.erb (2.1ms)
Rendered /usr/lib/ruby/gems/1.8/gems/actionpack-3.0.7/lib/action_dispatch/middleware/templates/rescues/diagnostics.erb within rescues/layout (12.5ms)


Started GET "/" for 127.0.0.1 at Wed May 11 14:20:32 +0300 2011

Mysql2::Error (Can't connect to local MySQL server through socket '/tmp/mysql.sock' (111)):
  

Rendered /usr/lib/ruby/gems/1.8/gems/actionpack-3.0.7/lib/action_dispatch/middleware/templates/rescues/_trace.erb (0.9ms)
Rendered /usr/lib/ruby/gems/1.8/gems/actionpack-3.0.7/lib/action_dispatch/middleware/templates/rescues/_request_and_response.erb (1.9ms)
Rendered /usr/lib/ruby/gems/1.8/gems/actionpack-3.0.7/lib/action_dispatch/middleware/templates/rescues/diagnostics.erb within rescues/layout (5.9ms)


Started GET "/" for 127.0.0.1 at Wed May 11 14:21:18 +0300 2011

Mysql2::Error (Unknown database 'bimarks_development'):
  

Rendered /usr/lib/ruby/gems/1.8/gems/actionpack-3.0.7/lib/action_dispatch/middleware/templates/rescues/_trace.erb (0.9ms)
Rendered /usr/lib/ruby/gems/1.8/gems/actionpack-3.0.7/lib/action_dispatch/middleware/templates/rescues/_request_and_response.erb (2.0ms)
Rendered /usr/lib/ruby/gems/1.8/gems/actionpack-3.0.7/lib/action_dispatch/middleware/templates/rescues/diagnostics.erb within rescues/layout (6.0ms)


Started GET "/" for 127.0.0.1 at Wed May 11 14:22:02 +0300 2011
  Processing by HomeController#index as HTML
Rendered home/index.html.erb within layouts/application (1.4ms)
Completed 200 OK in 5ms (Views: 4.7ms | ActiveRecord: 0.0ms)


Started GET "/" for 127.0.0.1 at Wed May 11 18:39:26 +0300 2011
  Processing by HomeController#index as HTML
Rendered home/index.html.erb within layouts/application (1.5ms)
Completed 200 OK in 5ms (Views: 4.7ms | ActiveRecord: 0.0ms)


Started GET "/" for 127.0.0.1 at Wed May 11 18:39:50 +0300 2011
  Processing by HomeController#index as HTML
Rendered home/index.html.erb within layouts/application (1.3ms)
Completed 200 OK in 5ms (Views: 4.6ms | ActiveRecord: 0.0ms)


Started GET "/" for 127.0.0.1 at Wed May 11 19:34:37 +0300 2011
  Processing by HomeController#index as HTML
Rendered home/index.html.erb within layouts/application (1.4ms)
Completed 200 OK in 5ms (Views: 4.7ms | ActiveRecord: 0.0ms)


Started GET "/" for 127.0.0.1 at Wed May 11 19:50:53 +0300 2011
  Processing by HomeController#index as HTML
Rendered home/index.html.erb within layouts/application (1.4ms)
Completed 200 OK in 5ms (Views: 4.6ms | ActiveRecord: 0.0ms)
  [1m[36mSQL (0.3ms)[0m  [1mSHOW TABLES[0m
  [1m[35mSQL (218.3ms)[0m  CREATE TABLE `schema_migrations` (`version` varchar(255) NOT NULL) ENGINE=InnoDB
  [1m[36mSQL (1.2ms)[0m  [1mSHOW KEYS FROM `schema_migrations`[0m
  [1m[35mSQL (288.9ms)[0m  CREATE UNIQUE INDEX `unique_schema_migrations` ON `schema_migrations` (`version`)
  [1m[36mSQL (0.6ms)[0m  [1mSHOW TABLES[0m
  [1m[35mSQL (0.6ms)[0m  SHOW TABLES
  [1m[36mSQL (18.2ms)[0m  [1mSELECT `schema_migrations`.`version` FROM `schema_migrations`[0m
Migrating to CreateUsers (20110511165558)
  [1m[35mSQL (185.4ms)[0m  CREATE TABLE `users` (`id` int(11) DEFAULT NULL auto_increment PRIMARY KEY, `username` varchar(255), `password` varchar(255), `email` varchar(255), `status` int(11), `created_at` datetime, `updated_at` datetime) ENGINE=InnoDB
  [1m[36mSQL (65.5ms)[0m  [1mINSERT INTO `schema_migrations` (`version`) VALUES ('20110511165558')[0m
  [1m[35mSQL (0.4ms)[0m  SHOW TABLES
  [1m[36mSQL (0.4ms)[0m  [1mSELECT `schema_migrations`.`version` FROM `schema_migrations`[0m
  [1m[35mSQL (0.5ms)[0m  SHOW TABLES
  [1m[36mSQL (0.6ms)[0m  [1mdescribe `users`[0m
  [1m[35mSQL (0.5ms)[0m  SHOW KEYS FROM `users`
  [1m[36mSQL (0.6ms)[0m  [1mSHOW TABLES[0m
  [1m[35mSQL (0.5ms)[0m  SHOW TABLES
  [1m[36mSQL (0.3ms)[0m  [1mSELECT `schema_migrations`.`version` FROM `schema_migrations`[0m
Migrating to CreateUsers (20110511165558)
Migrating to CreateBookmarks (20110511165946)
  [1m[35mSQL (174.5ms)[0m  CREATE TABLE `bookmarks` (`id` int(11) DEFAULT NULL auto_increment PRIMARY KEY, `title` varchar(255), `URL` varchar(255), `bm_id` int(11), `owner` varchar(255), `date` date, `created_at` datetime, `updated_at` datetime) ENGINE=InnoDB
  [1m[36mSQL (65.4ms)[0m  [1mINSERT INTO `schema_migrations` (`version`) VALUES ('20110511165946')[0m
  [1m[35mSQL (0.7ms)[0m  SHOW TABLES
  [1m[36mSQL (0.5ms)[0m  [1mSELECT `schema_migrations`.`version` FROM `schema_migrations`[0m
  [1m[35mSQL (0.6ms)[0m  SHOW TABLES
  [1m[36mSQL (1.1ms)[0m  [1mdescribe `bookmarks`[0m
  [1m[35mSQL (0.7ms)[0m  SHOW KEYS FROM `bookmarks`
  [1m[36mSQL (1.2ms)[0m  [1mdescribe `users`[0m
  [1m[35mSQL (0.7ms)[0m  SHOW KEYS FROM `users`
  [1m[36mSQL (0.6ms)[0m  [1mSHOW TABLES[0m
  [1m[35mSQL (0.3ms)[0m  SHOW TABLES
  [1m[36mSQL (0.3ms)[0m  [1mSELECT `schema_migrations`.`version` FROM `schema_migrations`[0m
Migrating to CreateUsers (20110511165558)
Migrating to CreateBookmarks (20110511165946)
  [1m[35mSQL (0.3ms)[0m  SHOW TABLES
  [1m[36mSQL (0.2ms)[0m  [1mSELECT `schema_migrations`.`version` FROM `schema_migrations`[0m
  [1m[35mSQL (0.6ms)[0m  SHOW TABLES
  [1m[36mSQL (1.0ms)[0m  [1mdescribe `bookmarks`[0m
  [1m[35mSQL (0.6ms)[0m  SHOW KEYS FROM `bookmarks`
  [1m[36mSQL (1.1ms)[0m  [1mdescribe `users`[0m
  [1m[35mSQL (0.6ms)[0m  SHOW KEYS FROM `users`


Started GET "/" for 127.0.0.1 at Wed May 11 20:32:58 +0300 2011
  Processing by HomeController#index as HTML
Rendered home/index.html.erb within layouts/application (1.4ms)
Completed 200 OK in 5ms (Views: 4.5ms | ActiveRecord: 0.0ms)


Started GET "/users" for 127.0.0.1 at Wed May 11 20:33:03 +0300 2011

ActionController::RoutingError (No route matches "/users"):
  

Rendered /usr/lib/ruby/gems/1.8/gems/actionpack-3.0.7/lib/action_dispatch/middleware/templates/rescues/routing_error.erb within rescues/layout (0.7ms)


Started GET "/user" for 127.0.0.1 at Wed May 11 20:33:07 +0300 2011

ActionController::RoutingError (No route matches "/user"):
  

Rendered /usr/lib/ruby/gems/1.8/gems/actionpack-3.0.7/lib/action_dispatch/middleware/templates/rescues/routing_error.erb within rescues/layout (0.6ms)


Started GET "/user" for 127.0.0.1 at Wed May 11 20:46:10 +0300 2011

ActionController::RoutingError (No route matches "/user"):
  

Rendered /usr/lib/ruby/gems/1.8/gems/actionpack-3.0.7/lib/action_dispatch/middleware/templates/rescues/routing_error.erb within rescues/layout (0.7ms)


Started GET "/user" for 127.0.0.1 at Wed May 11 20:46:11 +0300 2011

ActionController::RoutingError (No route matches "/user"):
  

Rendered /usr/lib/ruby/gems/1.8/gems/actionpack-3.0.7/lib/action_dispatch/middleware/templates/rescues/routing_error.erb within rescues/layout (0.7ms)


Started GET "/user" for 127.0.0.1 at Wed May 11 20:46:12 +0300 2011

ActionController::RoutingError (No route matches "/user"):
  

Rendered /usr/lib/ruby/gems/1.8/gems/actionpack-3.0.7/lib/action_dispatch/middleware/templates/rescues/routing_error.erb within rescues/layout (0.7ms)


Started GET "/" for 127.0.0.1 at Wed May 11 20:46:17 +0300 2011
  Processing by HomeController#index as HTML
Rendered home/index.html.erb within layouts/application (1.5ms)
Completed 200 OK in 5ms (Views: 4.7ms | ActiveRecord: 0.0ms)


Started GET "/" for 127.0.0.1 at Wed May 11 20:46:18 +0300 2011
  Processing by HomeController#index as HTML
Rendered home/index.html.erb within layouts/application (1.4ms)
Completed 200 OK in 5ms (Views: 4.6ms | ActiveRecord: 0.0ms)
